<?xml version="1.0" encoding="UTF-8"?>
<!-- Generated by org.testng.reporters.JUnitReportReporter -->
<testsuite hostname="DESKTOP-R44QD4T" failures="0" tests="1" name="com.tests.Excercise3Test" time="12.697" errors="0" timestamp="29 Feb 2020 22:52:42 GMT">
  <testcase classname="com.tests.Excercise3Test" name="excercise3" time="12.697"/>
</testsuite> <!-- com.tests.Excercise3Test -->
