<?xml version="1.0" encoding="UTF-8"?>
<!-- Generated by org.testng.reporters.JUnitReportReporter -->
<testsuite hostname="DESKTOP-R44QD4T" failures="0" tests="3" name="tests.Excercise5" time="27.233" errors="0" timestamp="11 Feb 2020 01:01:27 GMT">
  <testcase classname="tests.Excercise5" name="verifyDestinations_and_SetFilter" time="9.096"/>
  <testcase classname="tests.Excercise5" name="selectCuiseWithMoreDiscount" time="4.411"/>
  <testcase classname="tests.Excercise5" name="searching_a_cruise" time="13.726"/>
</testsuite> <!-- tests.Excercise5 -->
