<?xml version="1.0" encoding="UTF-8"?>
<!-- Generated by org.testng.reporters.JUnitReportReporter -->
<testsuite hostname="DESKTOP-R44QD4T" failures="0" tests="6" name="tests.Excercise1Test" time="44.570" errors="0" timestamp="24 Feb 2020 00:52:12 GMT">
  <testcase classname="tests.Excercise1Test" name="searching_a_flight" time="6.654"/>
  <testcase classname="tests.Excercise1Test" name="verify_results_on_the_page" time="4.623"/>
  <testcase classname="tests.Excercise1Test" name="select_returning_flight" time="0.849"/>
  <testcase classname="tests.Excercise1Test" name="verify_TripDetails" time="9.617"/>
  <testcase classname="tests.Excercise1Test" name="verify_WhoIsTravelling" time="0.805"/>
  <testcase classname="tests.Excercise1Test" name="verify_sorted_results" time="22.022"/>
</testsuite> <!-- tests.Excercise1Test -->
