<?xml version="1.0" encoding="UTF-8"?>
<!-- Generated by org.testng.reporters.JUnitReportReporter -->
<testsuite hostname="DESKTOP-R44QD4T" failures="0" tests="6" name="tests.Excercise1" time="49.897" errors="0" timestamp="10 Feb 2020 05:01:29 GMT">
  <testcase classname="tests.Excercise1" name="searching_a_flight" time="19.159"/>
  <testcase classname="tests.Excercise1" name="verify_results_on_the_page" time="0.177"/>
  <testcase classname="tests.Excercise1" name="select_returning_flight" time="1.333"/>
  <testcase classname="tests.Excercise1" name="verify_sorted_results" time="16.930"/>
  <testcase classname="tests.Excercise1" name="verify_WhoIsTravelling" time="0.944"/>
  <testcase classname="tests.Excercise1" name="verify_TripDetails" time="11.354"/>
</testsuite> <!-- tests.Excercise1 -->
