<?xml version="1.0" encoding="UTF-8"?>
<!-- Generated by org.testng.reporters.JUnitReportReporter -->
<testsuite hostname="DESKTOP-R44QD4T" failures="0" tests="1" name="com.tests.Excercise5Test" time="33.299" errors="0" timestamp="29 Feb 2020 22:52:42 GMT">
  <testcase classname="com.tests.Excercise5Test" name="excercise5" time="33.299"/>
</testsuite> <!-- com.tests.Excercise5Test -->
