<?xml version="1.0" encoding="UTF-8"?>
<!-- Generated by org.testng.reporters.JUnitReportReporter -->
<testsuite hostname="DESKTOP-R44QD4T" failures="0" tests="1" name="tests.Excersice4" time="14.956" errors="0" timestamp="10 Feb 2020 05:46:48 GMT">
  <testcase classname="tests.Excersice4" name="searching_a_flight" time="14.956"/>
</testsuite> <!-- tests.Excersice4 -->
