<?xml version="1.0" encoding="UTF-8"?>
<!-- Generated by org.testng.reporters.JUnitReportReporter -->
<testsuite hostname="DESKTOP-R44QD4T" failures="0" tests="6" name="tests.Exercise2" time="75.735" errors="0" timestamp="10 Feb 2020 04:39:58 GMT">
  <testcase classname="tests.Exercise2" name="Sort_byPrice_and_Select3stars" time="21.854"/>
  <testcase classname="tests.Exercise2" name="select_departing_flight" time="10.993"/>
  <testcase classname="tests.Exercise2" name="select_returning_flight" time="18.458"/>
  <testcase classname="tests.Exercise2" name="Verify_hotel_Selected" time="7.245"/>
  <testcase classname="tests.Exercise2" name="verify_validationsPage" time="0.002"/>
  <testcase classname="tests.Exercise2" name="searching_a_flight_hotel" time="17.183"/>
</testsuite> <!-- tests.Exercise2 -->
